{"__type":"$$EventMessageAudit","id":"36ad20c3-d2f7-4360-8acf-c6a445e2134d","ts":"2025-07-27T11:50:58.898+00:00","eventName":"n8n.audit.user.login.success","message":"n8n.audit.user.login.success","payload":{"userId":"798feb58-0530-4c7a-819f-91d15e1da022","_email":"ys987618@gmail.com","_firstName":"yash","_lastName":"Solanki","globalRole":"global:owner","authenticationMethod":"email"}}
{"__type":"$$EventMessageConfirm","confirm":"36ad20c3-d2f7-4360-8acf-c6a445e2134d","ts":"2025-07-27T11:50:58.900+00:00","source":{"id":"0","name":"eventBus"}}
{"__type":"$$EventMessageAudit","id":"02d9977a-5c3f-4a06-bf2b-dee669a47ee0","ts":"2025-07-27T11:51:24.687+00:00","eventName":"n8n.audit.workflow.created","message":"n8n.audit.workflow.created","payload":{"userId":"798feb58-0530-4c7a-819f-91d15e1da022","_email":"ys987618@gmail.com","_firstName":"yash","_lastName":"Solanki","globalRole":"global:owner","workflowId":"WjNfh0ZrU5WJaEIu","workflowName":"My workflow"}}
{"__type":"$$EventMessageConfirm","confirm":"02d9977a-5c3f-4a06-bf2b-dee669a47ee0","ts":"2025-07-27T11:51:24.687+00:00","source":{"id":"0","name":"eventBus"}}
{"__type":"$$EventMessageWorkflow","id":"fc8b2d2d-1f53-4dc8-8dc6-9f22e68331f0","ts":"2025-07-27T11:51:28.271+00:00","eventName":"n8n.workflow.started","message":"n8n.workflow.started","payload":{"executionId":"1","workflowId":"WjNfh0ZrU5WJaEIu","isManual":false,"workflowName":"My workflow"}}
{"__type":"$$EventMessageConfirm","confirm":"fc8b2d2d-1f53-4dc8-8dc6-9f22e68331f0","ts":"2025-07-27T11:51:28.272+00:00","source":{"id":"0","name":"eventBus"}}
{"__type":"$$EventMessageNode","id":"35316b2f-fc76-4dbf-b583-ebc5a6a4cb34","ts":"2025-07-27T11:51:28.295+00:00","eventName":"n8n.node.started","message":"n8n.node.started","payload":{"workflowId":"WjNfh0ZrU5WJaEIu","workflowName":"My workflow","executionId":"1","nodeType":"n8n-nodes-base.scheduleTrigger","nodeName":"Schedule Trigger","nodeId":"1246ea37-72b9-4137-a12e-d9644cdcb9cf"}}
{"__type":"$$EventMessageConfirm","confirm":"35316b2f-fc76-4dbf-b583-ebc5a6a4cb34","ts":"2025-07-27T11:51:28.296+00:00","source":{"id":"0","name":"eventBus"}}
{"__type":"$$EventMessageNode","id":"d77b9d4b-d9ed-4252-97ac-b6c5ee5af595","ts":"2025-07-27T11:51:28.373+00:00","eventName":"n8n.node.finished","message":"n8n.node.finished","payload":{"workflowId":"WjNfh0ZrU5WJaEIu","workflowName":"My workflow","executionId":"1","nodeType":"n8n-nodes-base.scheduleTrigger","nodeName":"Schedule Trigger","nodeId":"1246ea37-72b9-4137-a12e-d9644cdcb9cf"}}
{"__type":"$$EventMessageConfirm","confirm":"d77b9d4b-d9ed-4252-97ac-b6c5ee5af595","ts":"2025-07-27T11:51:28.373+00:00","source":{"id":"0","name":"eventBus"}}
{"__type":"$$EventMessageNode","id":"ea84601e-200f-4a46-9a78-250a131f50a4","ts":"2025-07-27T11:51:28.375+00:00","eventName":"n8n.node.started","message":"n8n.node.started","payload":{"workflowId":"WjNfh0ZrU5WJaEIu","workflowName":"My workflow","executionId":"1","nodeType":"n8n-nodes-base.set","nodeName":"Edit Fields","nodeId":"a15e35f4-db6f-4b0f-a698-e316441d68e3"}}
{"__type":"$$EventMessageConfirm","confirm":"ea84601e-200f-4a46-9a78-250a131f50a4","ts":"2025-07-27T11:51:28.376+00:00","source":{"id":"0","name":"eventBus"}}
{"__type":"$$EventMessageNode","id":"a18301a2-0868-4c0a-9bc8-c2a47b9f2e02","ts":"2025-07-27T11:51:28.390+00:00","eventName":"n8n.node.finished","message":"n8n.node.finished","payload":{"workflowId":"WjNfh0ZrU5WJaEIu","workflowName":"My workflow","executionId":"1","nodeType":"n8n-nodes-base.set","nodeName":"Edit Fields","nodeId":"a15e35f4-db6f-4b0f-a698-e316441d68e3"}}
{"__type":"$$EventMessageConfirm","confirm":"a18301a2-0868-4c0a-9bc8-c2a47b9f2e02","ts":"2025-07-27T11:51:28.391+00:00","source":{"id":"0","name":"eventBus"}}
{"__type":"$$EventMessageNode","id":"00e0cd77-0d7f-497a-b9dc-e7a332539c9a","ts":"2025-07-27T11:51:28.392+00:00","eventName":"n8n.node.started","message":"n8n.node.started","payload":{"workflowId":"WjNfh0ZrU5WJaEIu","workflowName":"My workflow","executionId":"1","nodeType":"n8n-nodes-base.code","nodeName":"Code","nodeId":"1013a6bf-274e-4f82-89a9-5444bf0d8924"}}
{"__type":"$$EventMessageConfirm","confirm":"00e0cd77-0d7f-497a-b9dc-e7a332539c9a","ts":"2025-07-27T11:51:28.392+00:00","source":{"id":"0","name":"eventBus"}}
{"__type":"$$EventMessageNode","id":"bdf706d0-9c8b-4d16-bdff-39a0ff6e1376","ts":"2025-07-27T07:51:28.478-04:00","eventName":"n8n.node.finished","message":"n8n.node.finished","payload":{"workflowId":"WjNfh0ZrU5WJaEIu","workflowName":"My workflow","executionId":"1","nodeType":"n8n-nodes-base.code","nodeName":"Code","nodeId":"1013a6bf-274e-4f82-89a9-5444bf0d8924"}}
{"__type":"$$EventMessageConfirm","confirm":"bdf706d0-9c8b-4d16-bdff-39a0ff6e1376","ts":"2025-07-27T07:51:28.479-04:00","source":{"id":"0","name":"eventBus"}}
{"__type":"$$EventMessageNode","id":"013bbd6f-efd6-429c-b8b2-3e10d8bcbd22","ts":"2025-07-27T07:51:28.502-04:00","eventName":"n8n.node.started","message":"n8n.node.started","payload":{"workflowId":"WjNfh0ZrU5WJaEIu","workflowName":"My workflow","executionId":"1","nodeType":"n8n-nodes-base.httpRequest","nodeName":"HTTP Request","nodeId":"7eba4e3e-e99b-415a-bbc1-986b09a931b1"}}
{"__type":"$$EventMessageConfirm","confirm":"013bbd6f-efd6-429c-b8b2-3e10d8bcbd22","ts":"2025-07-27T07:51:28.503-04:00","source":{"id":"0","name":"eventBus"}}
{"__type":"$$EventMessageWorkflow","id":"b9f92fbd-07ec-470b-a562-7ab60d7b853f","ts":"2025-07-27T07:52:00.114-04:00","eventName":"n8n.workflow.failed","message":"n8n.workflow.failed","payload":{"userId":"798feb58-0530-4c7a-819f-91d15e1da022","executionId":"1","success":false,"isManual":true,"workflowId":"WjNfh0ZrU5WJaEIu","workflowName":"My workflow","lastNodeExecuted":"Code"}}
{"__type":"$$EventMessageConfirm","confirm":"b9f92fbd-07ec-470b-a562-7ab60d7b853f","ts":"2025-07-27T07:52:00.114-04:00","source":{"id":"0","name":"eventBus"}}
{"__type":"$$EventMessageWorkflow","id":"d66a7e3e-3eb0-40b2-be73-18a2a33d7c71","ts":"2025-07-27T07:52:04.165-04:00","eventName":"n8n.workflow.started","message":"n8n.workflow.started","payload":{"executionId":"2","workflowId":"WjNfh0ZrU5WJaEIu","isManual":false,"workflowName":"My workflow"}}
{"__type":"$$EventMessageConfirm","confirm":"d66a7e3e-3eb0-40b2-be73-18a2a33d7c71","ts":"2025-07-27T07:52:04.166-04:00","source":{"id":"0","name":"eventBus"}}
{"__type":"$$EventMessageNode","id":"afc7fd03-8ff5-4e81-9452-1284007b5906","ts":"2025-07-27T07:52:04.177-04:00","eventName":"n8n.node.started","message":"n8n.node.started","payload":{"workflowId":"WjNfh0ZrU5WJaEIu","workflowName":"My workflow","executionId":"2","nodeType":"n8n-nodes-base.scheduleTrigger","nodeName":"Schedule Trigger","nodeId":"1246ea37-72b9-4137-a12e-d9644cdcb9cf"}}
{"__type":"$$EventMessageConfirm","confirm":"afc7fd03-8ff5-4e81-9452-1284007b5906","ts":"2025-07-27T07:52:04.178-04:00","source":{"id":"0","name":"eventBus"}}
{"__type":"$$EventMessageNode","id":"8498c423-19e0-42cf-8619-ad46f6853e34","ts":"2025-07-27T07:52:04.201-04:00","eventName":"n8n.node.finished","message":"n8n.node.finished","payload":{"workflowId":"WjNfh0ZrU5WJaEIu","workflowName":"My workflow","executionId":"2","nodeType":"n8n-nodes-base.scheduleTrigger","nodeName":"Schedule Trigger","nodeId":"1246ea37-72b9-4137-a12e-d9644cdcb9cf"}}
{"__type":"$$EventMessageConfirm","confirm":"8498c423-19e0-42cf-8619-ad46f6853e34","ts":"2025-07-27T07:52:04.207-04:00","source":{"id":"0","name":"eventBus"}}
{"__type":"$$EventMessageNode","id":"1469f77b-8892-4f80-aa9e-9afa0a0bbddc","ts":"2025-07-27T07:52:04.213-04:00","eventName":"n8n.node.started","message":"n8n.node.started","payload":{"workflowId":"WjNfh0ZrU5WJaEIu","workflowName":"My workflow","executionId":"2","nodeType":"n8n-nodes-base.set","nodeName":"Edit Fields","nodeId":"a15e35f4-db6f-4b0f-a698-e316441d68e3"}}
{"__type":"$$EventMessageConfirm","confirm":"1469f77b-8892-4f80-aa9e-9afa0a0bbddc","ts":"2025-07-27T07:52:04.213-04:00","source":{"id":"0","name":"eventBus"}}
{"__type":"$$EventMessageNode","id":"51904c58-bf35-47c4-9438-e352d27aa048","ts":"2025-07-27T07:52:04.227-04:00","eventName":"n8n.node.finished","message":"n8n.node.finished","payload":{"workflowId":"WjNfh0ZrU5WJaEIu","workflowName":"My workflow","executionId":"2","nodeType":"n8n-nodes-base.set","nodeName":"Edit Fields","nodeId":"a15e35f4-db6f-4b0f-a698-e316441d68e3"}}
{"__type":"$$EventMessageConfirm","confirm":"51904c58-bf35-47c4-9438-e352d27aa048","ts":"2025-07-27T07:52:04.229-04:00","source":{"id":"0","name":"eventBus"}}
{"__type":"$$EventMessageNode","id":"202a809b-ed9f-4eb4-b735-e7aff2ca74e4","ts":"2025-07-27T07:52:04.248-04:00","eventName":"n8n.node.started","message":"n8n.node.started","payload":{"workflowId":"WjNfh0ZrU5WJaEIu","workflowName":"My workflow","executionId":"2","nodeType":"n8n-nodes-base.code","nodeName":"Code","nodeId":"1013a6bf-274e-4f82-89a9-5444bf0d8924"}}
{"__type":"$$EventMessageConfirm","confirm":"202a809b-ed9f-4eb4-b735-e7aff2ca74e4","ts":"2025-07-27T07:52:04.249-04:00","source":{"id":"0","name":"eventBus"}}
{"__type":"$$EventMessageNode","id":"998d9e3a-f35d-4e53-8afd-5148cf5acdad","ts":"2025-07-27T07:52:04.374-04:00","eventName":"n8n.node.finished","message":"n8n.node.finished","payload":{"workflowId":"WjNfh0ZrU5WJaEIu","workflowName":"My workflow","executionId":"2","nodeType":"n8n-nodes-base.code","nodeName":"Code","nodeId":"1013a6bf-274e-4f82-89a9-5444bf0d8924"}}
{"__type":"$$EventMessageConfirm","confirm":"998d9e3a-f35d-4e53-8afd-5148cf5acdad","ts":"2025-07-27T07:52:04.375-04:00","source":{"id":"0","name":"eventBus"}}
{"__type":"$$EventMessageNode","id":"9dbaddb6-ed87-428f-9a8f-7913221e854f","ts":"2025-07-27T07:52:04.392-04:00","eventName":"n8n.node.started","message":"n8n.node.started","payload":{"workflowId":"WjNfh0ZrU5WJaEIu","workflowName":"My workflow","executionId":"2","nodeType":"n8n-nodes-base.httpRequest","nodeName":"HTTP Request","nodeId":"7eba4e3e-e99b-415a-bbc1-986b09a931b1"}}
{"__type":"$$EventMessageConfirm","confirm":"9dbaddb6-ed87-428f-9a8f-7913221e854f","ts":"2025-07-27T07:52:04.392-04:00","source":{"id":"0","name":"eventBus"}}
{"__type":"$$EventMessageNode","id":"b0dee99e-6c13-4cea-a5ac-d9d9f605c4c9","ts":"2025-07-27T07:52:07.509-04:00","eventName":"n8n.node.finished","message":"n8n.node.finished","payload":{"workflowId":"WjNfh0ZrU5WJaEIu","workflowName":"My workflow","executionId":"1","nodeType":"n8n-nodes-base.httpRequest","nodeName":"HTTP Request","nodeId":"7eba4e3e-e99b-415a-bbc1-986b09a931b1"}}
{"__type":"$$EventMessageConfirm","confirm":"b0dee99e-6c13-4cea-a5ac-d9d9f605c4c9","ts":"2025-07-27T07:52:07.510-04:00","source":{"id":"0","name":"eventBus"}}
{"__type":"$$EventMessageNode","id":"8bebc6b8-e7c6-43e4-97db-46b27762d4e1","ts":"2025-07-27T07:52:07.732-04:00","eventName":"n8n.node.finished","message":"n8n.node.finished","payload":{"workflowId":"WjNfh0ZrU5WJaEIu","workflowName":"My workflow","executionId":"2","nodeType":"n8n-nodes-base.httpRequest","nodeName":"HTTP Request","nodeId":"7eba4e3e-e99b-415a-bbc1-986b09a931b1"}}
{"__type":"$$EventMessageConfirm","confirm":"8bebc6b8-e7c6-43e4-97db-46b27762d4e1","ts":"2025-07-27T07:52:07.732-04:00","source":{"id":"0","name":"eventBus"}}
{"__type":"$$EventMessageNode","id":"9631a99f-958d-4233-b2e2-de77bd797876","ts":"2025-07-27T07:52:07.909-04:00","eventName":"n8n.node.started","message":"n8n.node.started","payload":{"workflowId":"WjNfh0ZrU5WJaEIu","workflowName":"My workflow","executionId":"2","nodeType":"n8n-nodes-base.xml","nodeName":"XML","nodeId":"6dbfc8c7-15e1-45b3-88e0-0a5b4e9a9b6c"}}
{"__type":"$$EventMessageConfirm","confirm":"9631a99f-958d-4233-b2e2-de77bd797876","ts":"2025-07-27T07:52:07.910-04:00","source":{"id":"0","name":"eventBus"}}
{"__type":"$$EventMessageNode","id":"1face92f-6cd8-44c7-858d-7f5f1ff3c417","ts":"2025-07-27T07:52:09.229-04:00","eventName":"n8n.node.finished","message":"n8n.node.finished","payload":{"workflowId":"WjNfh0ZrU5WJaEIu","workflowName":"My workflow","executionId":"2","nodeType":"n8n-nodes-base.xml","nodeName":"XML","nodeId":"6dbfc8c7-15e1-45b3-88e0-0a5b4e9a9b6c"}}
{"__type":"$$EventMessageConfirm","confirm":"1face92f-6cd8-44c7-858d-7f5f1ff3c417","ts":"2025-07-27T07:52:09.229-04:00","source":{"id":"0","name":"eventBus"}}
{"__type":"$$EventMessageNode","id":"07b137d8-1131-45f9-ab1c-d3e82a7ea6e6","ts":"2025-07-27T07:52:09.330-04:00","eventName":"n8n.node.started","message":"n8n.node.started","payload":{"workflowId":"WjNfh0ZrU5WJaEIu","workflowName":"My workflow","executionId":"2","nodeType":"n8n-nodes-base.code","nodeName":"Code1","nodeId":"447dca99-81dc-4188-a504-59b426a49550"}}
{"__type":"$$EventMessageConfirm","confirm":"07b137d8-1131-45f9-ab1c-d3e82a7ea6e6","ts":"2025-07-27T07:52:09.330-04:00","source":{"id":"0","name":"eventBus"}}
{"__type":"$$EventMessageNode","id":"4ecbd401-b011-41d6-b32c-a893c1e6263e","ts":"2025-07-27T07:52:10.776-04:00","eventName":"n8n.node.finished","message":"n8n.node.finished","payload":{"workflowId":"WjNfh0ZrU5WJaEIu","workflowName":"My workflow","executionId":"2","nodeType":"n8n-nodes-base.code","nodeName":"Code1","nodeId":"447dca99-81dc-4188-a504-59b426a49550"}}
{"__type":"$$EventMessageConfirm","confirm":"4ecbd401-b011-41d6-b32c-a893c1e6263e","ts":"2025-07-27T07:52:10.776-04:00","source":{"id":"0","name":"eventBus"}}
{"__type":"$$EventMessageNode","id":"99428a59-5d7b-437b-9a1e-9616c2778db5","ts":"2025-07-27T07:52:11.263-04:00","eventName":"n8n.node.started","message":"n8n.node.started","payload":{"workflowId":"WjNfh0ZrU5WJaEIu","workflowName":"My workflow","executionId":"2","nodeType":"n8n-nodes-base.code","nodeName":"Code4","nodeId":"1d0fef8f-f57c-4e83-8361-c540306b68eb"}}
{"__type":"$$EventMessageConfirm","confirm":"99428a59-5d7b-437b-9a1e-9616c2778db5","ts":"2025-07-27T07:52:11.263-04:00","source":{"id":"0","name":"eventBus"}}
{"__type":"$$EventMessageNode","id":"82bc805b-afcd-44dd-a5df-26370b730112","ts":"2025-07-27T07:52:12.081-04:00","eventName":"n8n.node.finished","message":"n8n.node.finished","payload":{"workflowId":"WjNfh0ZrU5WJaEIu","workflowName":"My workflow","executionId":"2","nodeType":"n8n-nodes-base.code","nodeName":"Code4","nodeId":"1d0fef8f-f57c-4e83-8361-c540306b68eb"}}
{"__type":"$$EventMessageConfirm","confirm":"82bc805b-afcd-44dd-a5df-26370b730112","ts":"2025-07-27T07:52:12.081-04:00","source":{"id":"0","name":"eventBus"}}
{"__type":"$$EventMessageNode","id":"a9fbd342-563d-470c-aaa0-f23da9cce8c7","ts":"2025-07-27T07:52:12.410-04:00","eventName":"n8n.node.started","message":"n8n.node.started","payload":{"workflowId":"WjNfh0ZrU5WJaEIu","workflowName":"My workflow","executionId":"2","nodeType":"n8n-nodes-base.code","nodeName":"Code5","nodeId":"7065b273-5e21-4971-88b7-f648df3c6c91"}}
{"__type":"$$EventMessageConfirm","confirm":"a9fbd342-563d-470c-aaa0-f23da9cce8c7","ts":"2025-07-27T07:52:12.411-04:00","source":{"id":"0","name":"eventBus"}}
{"__type":"$$EventMessageNode","id":"5f0bfe39-aa10-42b3-9111-7e6093100da5","ts":"2025-07-27T07:52:14.119-04:00","eventName":"n8n.node.finished","message":"n8n.node.finished","payload":{"workflowId":"WjNfh0ZrU5WJaEIu","workflowName":"My workflow","executionId":"2","nodeType":"n8n-nodes-base.code","nodeName":"Code5","nodeId":"7065b273-5e21-4971-88b7-f648df3c6c91"}}
{"__type":"$$EventMessageConfirm","confirm":"5f0bfe39-aa10-42b3-9111-7e6093100da5","ts":"2025-07-27T07:52:14.120-04:00","source":{"id":"0","name":"eventBus"}}
{"__type":"$$EventMessageNode","id":"9805656d-89e1-41f0-bdbd-4d3a2657b169","ts":"2025-07-27T07:52:14.666-04:00","eventName":"n8n.node.started","message":"n8n.node.started","payload":{"workflowId":"WjNfh0ZrU5WJaEIu","workflowName":"My workflow","executionId":"2","nodeType":"n8n-nodes-base.postgres","nodeName":"Postgres","nodeId":"2cbb9902-c7e5-4129-bea2-ce726c98061d"}}
{"__type":"$$EventMessageConfirm","confirm":"9805656d-89e1-41f0-bdbd-4d3a2657b169","ts":"2025-07-27T07:52:14.666-04:00","source":{"id":"0","name":"eventBus"}}
{"__type":"$$EventMessageNode","id":"677b4664-736f-43fd-8dfd-4cb51b3742ba","ts":"2025-07-27T07:52:14.680-04:00","eventName":"n8n.node.finished","message":"n8n.node.finished","payload":{"workflowId":"WjNfh0ZrU5WJaEIu","workflowName":"My workflow","executionId":"2","nodeType":"n8n-nodes-base.postgres","nodeName":"Postgres","nodeId":"2cbb9902-c7e5-4129-bea2-ce726c98061d"}}
{"__type":"$$EventMessageConfirm","confirm":"677b4664-736f-43fd-8dfd-4cb51b3742ba","ts":"2025-07-27T07:52:14.680-04:00","source":{"id":"0","name":"eventBus"}}
{"__type":"$$EventMessageWorkflow","id":"ad8bcb07-57b4-40c8-bf7a-29bc46d041e4","ts":"2025-07-27T07:52:14.688-04:00","eventName":"n8n.workflow.failed","message":"n8n.workflow.failed","payload":{"userId":"798feb58-0530-4c7a-819f-91d15e1da022","executionId":"2","success":false,"isManual":true,"workflowId":"WjNfh0ZrU5WJaEIu","workflowName":"My workflow","lastNodeExecuted":"Postgres","errorNodeType":"n8n-nodes-base.postgres","errorMessage":"Node does not have any credentials set"}}
{"__type":"$$EventMessageConfirm","confirm":"ad8bcb07-57b4-40c8-bf7a-29bc46d041e4","ts":"2025-07-27T07:52:14.688-04:00","source":{"id":"0","name":"eventBus"}}
{"__type":"$$EventMessageAudit","id":"8dfb9e24-9c41-4b8f-947e-baa494d24ada","ts":"2025-07-27T07:56:35.846-04:00","eventName":"n8n.audit.user.credentials.created","message":"n8n.audit.user.credentials.created","payload":{"userId":"798feb58-0530-4c7a-819f-91d15e1da022","_email":"ys987618@gmail.com","_firstName":"yash","_lastName":"Solanki","globalRole":"global:owner","credentialType":"postgres","credentialId":"GnQYBchKigg9Rlul","publicApi":false,"projectId":"VwuCnzl0fCmpJOQQ","projectType":"personal"}}
{"__type":"$$EventMessageConfirm","confirm":"8dfb9e24-9c41-4b8f-947e-baa494d24ada","ts":"2025-07-27T07:56:35.847-04:00","source":{"id":"0","name":"eventBus"}}
{"__type":"$$EventMessageWorkflow","id":"8384c7c1-afe5-4ada-a536-94dd75eab471","ts":"2025-07-27T07:56:48.006-04:00","eventName":"n8n.workflow.started","message":"n8n.workflow.started","payload":{"executionId":"3","workflowId":"WjNfh0ZrU5WJaEIu","isManual":false,"workflowName":"My workflow"}}
{"__type":"$$EventMessageConfirm","confirm":"8384c7c1-afe5-4ada-a536-94dd75eab471","ts":"2025-07-27T07:56:48.006-04:00","source":{"id":"0","name":"eventBus"}}
{"__type":"$$EventMessageNode","id":"cb600bbc-4c9d-49c4-acab-d673c829562d","ts":"2025-07-27T07:56:48.019-04:00","eventName":"n8n.node.started","message":"n8n.node.started","payload":{"workflowId":"WjNfh0ZrU5WJaEIu","workflowName":"My workflow","executionId":"3","nodeType":"n8n-nodes-base.httpRequest","nodeName":"HTTP Request","nodeId":"7eba4e3e-e99b-415a-bbc1-986b09a931b1"}}
{"__type":"$$EventMessageConfirm","confirm":"cb600bbc-4c9d-49c4-acab-d673c829562d","ts":"2025-07-27T07:56:48.019-04:00","source":{"id":"0","name":"eventBus"}}
{"__type":"$$EventMessageNode","id":"3f18553f-cfd0-4d9c-bbf4-744f02e3c9cd","ts":"2025-07-27T07:56:51.265-04:00","eventName":"n8n.node.finished","message":"n8n.node.finished","payload":{"workflowId":"WjNfh0ZrU5WJaEIu","workflowName":"My workflow","executionId":"3","nodeType":"n8n-nodes-base.httpRequest","nodeName":"HTTP Request","nodeId":"7eba4e3e-e99b-415a-bbc1-986b09a931b1"}}
{"__type":"$$EventMessageConfirm","confirm":"3f18553f-cfd0-4d9c-bbf4-744f02e3c9cd","ts":"2025-07-27T07:56:51.266-04:00","source":{"id":"0","name":"eventBus"}}
{"__type":"$$EventMessageNode","id":"ea6c04b7-a89b-4758-9c39-02bccbbae718","ts":"2025-07-27T07:56:51.372-04:00","eventName":"n8n.node.started","message":"n8n.node.started","payload":{"workflowId":"WjNfh0ZrU5WJaEIu","workflowName":"My workflow","executionId":"3","nodeType":"n8n-nodes-base.xml","nodeName":"XML","nodeId":"6dbfc8c7-15e1-45b3-88e0-0a5b4e9a9b6c"}}
{"__type":"$$EventMessageConfirm","confirm":"ea6c04b7-a89b-4758-9c39-02bccbbae718","ts":"2025-07-27T07:56:51.372-04:00","source":{"id":"0","name":"eventBus"}}
{"__type":"$$EventMessageNode","id":"3611ddad-914f-4ccb-9d74-94854c3f0fff","ts":"2025-07-27T07:56:52.418-04:00","eventName":"n8n.node.finished","message":"n8n.node.finished","payload":{"workflowId":"WjNfh0ZrU5WJaEIu","workflowName":"My workflow","executionId":"3","nodeType":"n8n-nodes-base.xml","nodeName":"XML","nodeId":"6dbfc8c7-15e1-45b3-88e0-0a5b4e9a9b6c"}}
{"__type":"$$EventMessageConfirm","confirm":"3611ddad-914f-4ccb-9d74-94854c3f0fff","ts":"2025-07-27T07:56:52.418-04:00","source":{"id":"0","name":"eventBus"}}
{"__type":"$$EventMessageNode","id":"37ded47c-637f-4c2f-a933-18a0e328a016","ts":"2025-07-27T07:56:52.642-04:00","eventName":"n8n.node.started","message":"n8n.node.started","payload":{"workflowId":"WjNfh0ZrU5WJaEIu","workflowName":"My workflow","executionId":"3","nodeType":"n8n-nodes-base.code","nodeName":"Code1","nodeId":"447dca99-81dc-4188-a504-59b426a49550"}}
{"__type":"$$EventMessageConfirm","confirm":"37ded47c-637f-4c2f-a933-18a0e328a016","ts":"2025-07-27T07:56:52.643-04:00","source":{"id":"0","name":"eventBus"}}
{"__type":"$$EventMessageNode","id":"d0d6a0fb-e3cb-4ec5-b880-07a3a135b1ea","ts":"2025-07-27T07:56:53.857-04:00","eventName":"n8n.node.finished","message":"n8n.node.finished","payload":{"workflowId":"WjNfh0ZrU5WJaEIu","workflowName":"My workflow","executionId":"3","nodeType":"n8n-nodes-base.code","nodeName":"Code1","nodeId":"447dca99-81dc-4188-a504-59b426a49550"}}
{"__type":"$$EventMessageConfirm","confirm":"d0d6a0fb-e3cb-4ec5-b880-07a3a135b1ea","ts":"2025-07-27T07:56:53.857-04:00","source":{"id":"0","name":"eventBus"}}
{"__type":"$$EventMessageNode","id":"e60edefd-2827-45cf-ab4e-e67018cf50db","ts":"2025-07-27T07:56:54.362-04:00","eventName":"n8n.node.started","message":"n8n.node.started","payload":{"workflowId":"WjNfh0ZrU5WJaEIu","workflowName":"My workflow","executionId":"3","nodeType":"n8n-nodes-base.code","nodeName":"Code4","nodeId":"1d0fef8f-f57c-4e83-8361-c540306b68eb"}}
{"__type":"$$EventMessageConfirm","confirm":"e60edefd-2827-45cf-ab4e-e67018cf50db","ts":"2025-07-27T07:56:54.362-04:00","source":{"id":"0","name":"eventBus"}}
{"__type":"$$EventMessageNode","id":"9dd0788f-c4e1-4077-aa2c-cf2ce76d388b","ts":"2025-07-27T07:56:55.308-04:00","eventName":"n8n.node.finished","message":"n8n.node.finished","payload":{"workflowId":"WjNfh0ZrU5WJaEIu","workflowName":"My workflow","executionId":"3","nodeType":"n8n-nodes-base.code","nodeName":"Code4","nodeId":"1d0fef8f-f57c-4e83-8361-c540306b68eb"}}
{"__type":"$$EventMessageConfirm","confirm":"9dd0788f-c4e1-4077-aa2c-cf2ce76d388b","ts":"2025-07-27T07:56:55.309-04:00","source":{"id":"0","name":"eventBus"}}
{"__type":"$$EventMessageNode","id":"55ad5ac3-c18d-4e5e-87f0-dd95dfd278bd","ts":"2025-07-27T07:56:55.715-04:00","eventName":"n8n.node.started","message":"n8n.node.started","payload":{"workflowId":"WjNfh0ZrU5WJaEIu","workflowName":"My workflow","executionId":"3","nodeType":"n8n-nodes-base.code","nodeName":"Code5","nodeId":"7065b273-5e21-4971-88b7-f648df3c6c91"}}
{"__type":"$$EventMessageConfirm","confirm":"55ad5ac3-c18d-4e5e-87f0-dd95dfd278bd","ts":"2025-07-27T07:56:55.716-04:00","source":{"id":"0","name":"eventBus"}}
{"__type":"$$EventMessageNode","id":"5a40b1a3-1d69-4415-95d3-6ef14a27c5d8","ts":"2025-07-27T07:56:56.974-04:00","eventName":"n8n.node.finished","message":"n8n.node.finished","payload":{"workflowId":"WjNfh0ZrU5WJaEIu","workflowName":"My workflow","executionId":"3","nodeType":"n8n-nodes-base.code","nodeName":"Code5","nodeId":"7065b273-5e21-4971-88b7-f648df3c6c91"}}
{"__type":"$$EventMessageConfirm","confirm":"5a40b1a3-1d69-4415-95d3-6ef14a27c5d8","ts":"2025-07-27T07:56:56.975-04:00","source":{"id":"0","name":"eventBus"}}
{"__type":"$$EventMessageNode","id":"8bfb61cf-0ca5-4f80-9ac1-48bf8d3fe466","ts":"2025-07-27T07:56:57.687-04:00","eventName":"n8n.node.started","message":"n8n.node.started","payload":{"workflowId":"WjNfh0ZrU5WJaEIu","workflowName":"My workflow","executionId":"3","nodeType":"n8n-nodes-base.postgres","nodeName":"Postgres","nodeId":"2cbb9902-c7e5-4129-bea2-ce726c98061d"}}
{"__type":"$$EventMessageConfirm","confirm":"8bfb61cf-0ca5-4f80-9ac1-48bf8d3fe466","ts":"2025-07-27T07:56:57.687-04:00","source":{"id":"0","name":"eventBus"}}
{"__type":"$$EventMessageNode","id":"fe2c0c25-7e89-4d17-bc6e-5225973b3df6","ts":"2025-07-27T07:57:09.050-04:00","eventName":"n8n.node.finished","message":"n8n.node.finished","payload":{"workflowId":"WjNfh0ZrU5WJaEIu","workflowName":"My workflow","executionId":"3","nodeType":"n8n-nodes-base.postgres","nodeName":"Postgres","nodeId":"2cbb9902-c7e5-4129-bea2-ce726c98061d"}}
{"__type":"$$EventMessageConfirm","confirm":"fe2c0c25-7e89-4d17-bc6e-5225973b3df6","ts":"2025-07-27T07:57:09.050-04:00","source":{"id":"0","name":"eventBus"}}
{"__type":"$$EventMessageWorkflow","id":"8ea645a6-be17-468d-b40e-58b12d96256b","ts":"2025-07-27T07:57:09.067-04:00","eventName":"n8n.workflow.failed","message":"n8n.workflow.failed","payload":{"userId":"798feb58-0530-4c7a-819f-91d15e1da022","executionId":"3","success":false,"isManual":true,"workflowId":"WjNfh0ZrU5WJaEIu","workflowName":"My workflow","lastNodeExecuted":"Postgres","errorNodeType":"n8n-nodes-base.postgres","errorMessage":"relation \"public.news_articles\" does not exist"}}
{"__type":"$$EventMessageConfirm","confirm":"8ea645a6-be17-468d-b40e-58b12d96256b","ts":"2025-07-27T07:57:09.068-04:00","source":{"id":"0","name":"eventBus"}}
{"__type":"$$EventMessageWorkflow","id":"3386220e-56aa-4108-9b74-f361869ad46f","ts":"2025-07-27T08:01:05.424-04:00","eventName":"n8n.workflow.started","message":"n8n.workflow.started","payload":{"executionId":"4","workflowId":"WjNfh0ZrU5WJaEIu","isManual":false,"workflowName":"My workflow"}}
{"__type":"$$EventMessageConfirm","confirm":"3386220e-56aa-4108-9b74-f361869ad46f","ts":"2025-07-27T08:01:05.425-04:00","source":{"id":"0","name":"eventBus"}}
{"__type":"$$EventMessageNode","id":"a192e599-244e-49db-b950-002b30ed5e67","ts":"2025-07-27T08:01:06.350-04:00","eventName":"n8n.node.started","message":"n8n.node.started","payload":{"workflowId":"WjNfh0ZrU5WJaEIu","workflowName":"My workflow","executionId":"4","nodeType":"n8n-nodes-base.postgres","nodeName":"Postgres","nodeId":"2cbb9902-c7e5-4129-bea2-ce726c98061d"}}
{"__type":"$$EventMessageConfirm","confirm":"a192e599-244e-49db-b950-002b30ed5e67","ts":"2025-07-27T08:01:06.351-04:00","source":{"id":"0","name":"eventBus"}}
{"__type":"$$EventMessageNode","id":"7d42eb42-56a3-48e5-b622-311fe2e64a5b","ts":"2025-07-27T08:01:11.662-04:00","eventName":"n8n.node.finished","message":"n8n.node.finished","payload":{"workflowId":"WjNfh0ZrU5WJaEIu","workflowName":"My workflow","executionId":"4","nodeType":"n8n-nodes-base.postgres","nodeName":"Postgres","nodeId":"2cbb9902-c7e5-4129-bea2-ce726c98061d"}}
{"__type":"$$EventMessageConfirm","confirm":"7d42eb42-56a3-48e5-b622-311fe2e64a5b","ts":"2025-07-27T08:01:11.663-04:00","source":{"id":"0","name":"eventBus"}}
{"__type":"$$EventMessageWorkflow","id":"7857d685-10cd-4439-8c85-3a6c6ee4ee84","ts":"2025-07-27T08:01:11.749-04:00","eventName":"n8n.workflow.success","message":"n8n.workflow.success","payload":{"userId":"798feb58-0530-4c7a-819f-91d15e1da022","executionId":"4","success":true,"isManual":true,"workflowId":"WjNfh0ZrU5WJaEIu","workflowName":"My workflow"}}
{"__type":"$$EventMessageConfirm","confirm":"7857d685-10cd-4439-8c85-3a6c6ee4ee84","ts":"2025-07-27T08:01:11.749-04:00","source":{"id":"0","name":"eventBus"}}
